[1.226s] Invoking command in '/home/brightkungg/ros2_ws/src/my_robot_controller': PYTHONPATH=/home/brightkungg/ros2_ws/build/my_robot_controller/prefix_override:/home/brightkungg/ros2_ws/install/my_robot_controller/lib/python3.10/site-packages:${PYTHONPATH} /usr/bin/python3 setup.py egg_info --egg-base ../../build/my_robot_controller build --build-base /home/brightkungg/ros2_ws/build/my_robot_controller/build install --record /home/brightkungg/ros2_ws/build/my_robot_controller/install.log --single-version-externally-managed
[1.575s] running egg_info
[1.576s] creating ../../build/my_robot_controller/my_robot_controller.egg-info
[1.576s] writing ../../build/my_robot_controller/my_robot_controller.egg-info/PKG-INFO
[1.576s] writing dependency_links to ../../build/my_robot_controller/my_robot_controller.egg-info/dependency_links.txt
[1.577s] writing entry points to ../../build/my_robot_controller/my_robot_controller.egg-info/entry_points.txt
[1.577s] writing requirements to ../../build/my_robot_controller/my_robot_controller.egg-info/requires.txt
[1.577s] writing top-level names to ../../build/my_robot_controller/my_robot_controller.egg-info/top_level.txt
[1.577s] writing manifest file '../../build/my_robot_controller/my_robot_controller.egg-info/SOURCES.txt'
[1.579s] reading manifest file '../../build/my_robot_controller/my_robot_controller.egg-info/SOURCES.txt'
[1.580s] writing manifest file '../../build/my_robot_controller/my_robot_controller.egg-info/SOURCES.txt'
[1.580s] running build
[1.580s] running build_py
[1.580s] creating /home/brightkungg/ros2_ws/build/my_robot_controller/build
[1.581s] creating /home/brightkungg/ros2_ws/build/my_robot_controller/build/lib
[1.581s] creating /home/brightkungg/ros2_ws/build/my_robot_controller/build/lib/my_robot_controller
[1.581s] copying my_robot_controller/__init__.py -> /home/brightkungg/ros2_ws/build/my_robot_controller/build/lib/my_robot_controller
[1.581s] running install
[1.581s] running install_lib
[1.583s] creating /home/brightkungg/ros2_ws/install/my_robot_controller/lib/python3.10/site-packages/my_robot_controller
[1.583s] copying /home/brightkungg/ros2_ws/build/my_robot_controller/build/lib/my_robot_controller/__init__.py -> /home/brightkungg/ros2_ws/install/my_robot_controller/lib/python3.10/site-packages/my_robot_controller
[1.583s] byte-compiling /home/brightkungg/ros2_ws/install/my_robot_controller/lib/python3.10/site-packages/my_robot_controller/__init__.py to __init__.cpython-310.pyc
[1.583s] running install_data
[1.584s] creating /home/brightkungg/ros2_ws/install/my_robot_controller/share/ament_index
[1.584s] creating /home/brightkungg/ros2_ws/install/my_robot_controller/share/ament_index/resource_index
[1.584s] creating /home/brightkungg/ros2_ws/install/my_robot_controller/share/ament_index/resource_index/packages
[1.584s] copying resource/my_robot_controller -> /home/brightkungg/ros2_ws/install/my_robot_controller/share/ament_index/resource_index/packages
[1.584s] copying package.xml -> /home/brightkungg/ros2_ws/install/my_robot_controller/share/my_robot_controller
[1.585s] running install_egg_info
[1.586s] Copying ../../build/my_robot_controller/my_robot_controller.egg-info to /home/brightkungg/ros2_ws/install/my_robot_controller/lib/python3.10/site-packages/my_robot_controller-0.0.0-py3.10.egg-info
[1.587s] running install_scripts
[1.606s] writing list of installed files to '/home/brightkungg/ros2_ws/build/my_robot_controller/install.log'
[1.641s] Invoked command in '/home/brightkungg/ros2_ws/src/my_robot_controller' returned '0': PYTHONPATH=/home/brightkungg/ros2_ws/build/my_robot_controller/prefix_override:/home/brightkungg/ros2_ws/install/my_robot_controller/lib/python3.10/site-packages:${PYTHONPATH} /usr/bin/python3 setup.py egg_info --egg-base ../../build/my_robot_controller build --build-base /home/brightkungg/ros2_ws/build/my_robot_controller/build install --record /home/brightkungg/ros2_ws/build/my_robot_controller/install.log --single-version-externally-managed
